<?xml version="1.0" encoding="UTF-8"?>
<!-- Generated by org.testng.reporters.JUnitXMLReporter -->
<testsuite ignored="1" hostname="MAYUR" failures="0" tests="16" name="regression" time="0.398" errors="0" timestamp="2023-08-11T11:02:04 IST">
  <testcase classname="LearnTestng.LearningAnnotations" name="@BeforeMethod login" time="0.324">
    <failure type="org.openqa.selenium.remote.NoSuchDriverException" message="Unable to obtain: Capabilities {browserName: chrome, goog:chromeOptions: {args: [--remote-allow-origins=*], extensions: []}}">
      <![CDATA[org.openqa.selenium.remote.NoSuchDriverException: Unable to obtain: Capabilities {browserName: chrome, goog:chromeOptions: {args: [--remote-allow-origins=*], extensions: []}}
at org.openqa.selenium.remote.service.DriverFinder.getPath(DriverFinder.java:29)
at org.openqa.selenium.chrome.ChromeDriver.generateExecutor(ChromeDriver.java:98)
at org.openqa.selenium.chrome.ChromeDriver.<init>(ChromeDriver.java:87)
at org.openqa.selenium.chrome.ChromeDriver.<init>(ChromeDriver.java:82)
at org.openqa.selenium.chrome.ChromeDriver.<init>(ChromeDriver.java:50)
at LearnTestng.LearningAnnotations.login(LearningAnnotations.java:17)
at java.base/java.util.ArrayList.forEach(ArrayList.java:1511)
Caused by: org.openqa.selenium.WebDriverException: Unsuccessful command executed: [C:\Users\mayur\AppData\Local\Temp\selenium-manager862731245930005834113267206315063\selenium-manager.exe, --browser, chrome, --output, json]
error sending request for url (https://chromedriver.storage.googleapis.com/LATEST_RELEASE_115): error trying to connect: dns error: No such host is known. (os error 11001)
Build info: version: '4.10.0', revision: 'c14d967899'
System info: os.name: 'Windows 11', os.arch: 'amd64', os.version: '10.0', java.version: '19.0.2'
Driver info: driver.version: ChromeDriver
at org.openqa.selenium.manager.SeleniumManager.runCommand(SeleniumManager.java:130)
at org.openqa.selenium.manager.SeleniumManager.getDriverPath(SeleniumManager.java:251)
at org.openqa.selenium.remote.service.DriverFinder.getPath(DriverFinder.java:27)
... 35 more
... Removed 29 stack frames]]>
    </failure>
  </testcase> <!-- @BeforeMethod login -->
  <testcase classname="LearnTestng.LearningAnnotations" name="@AfterMethod logout" time="-1.691731924826E9">
    <skipped/>
  </testcase> <!-- @AfterMethod logout -->
  <testcase classname="LearnTestng.LearningAnnotations" name="@BeforeMethod login" time="-1.69173192483E9">
    <skipped/>
  </testcase> <!-- @BeforeMethod login -->
  <testcase classname="LearnTestng.LearningAnnotations" name="@AfterMethod logout" time="-1.691731924834E9">
    <skipped/>
  </testcase> <!-- @AfterMethod logout -->
  <testcase classname="LearnTestng.LearningAnnotations" name="calls" time="0.0">
    <skipped/>
  </testcase> <!-- calls -->
  <testcase classname="LearnTestng.LearningAnnotations" name="searchTask" time="0.0">
    <skipped/>
  </testcase> <!-- searchTask -->
  <testcase classname="LearnTestng.KGF" name="suryaVardhan" time="0.001"/>
  <testcase classname="LearnTestng.KGF" name="garuda" time="0.001"/>
  <testcase classname="LearnTestng.KGF" name="rockyBhai" time="0.001"/>
  <testcase classname="LearnTestng.KGF" name="rockyBhai" time="0.001"/>
  <testcase classname="LearnTestng.KGF" name="rockyBhai" time="0.0"/>
  <testcase classname="LearnTestng.KGF" name="rockyBhai" time="0.001"/>
  <testcase classname="LearnTestng.KGF" name="rockyBhai" time="0.0"/>
  <testcase classname="LearnTestng.KGF" name="rockyBhai" time="0.001"/>
  <testcase classname="LearnTestng.KGF" name="rockyBhai" time="0.0"/>
  <testcase classname="LearnTestng.KGF" name="adheera" time="0.001"/>
  <testcase classname="LearnTestng.KGF" name="ramikaSen" time="0.0"/>
  <testcase classname="LearnTestng.KGF" name="rajendraDesai" time="0.001"/>
  <testcase classname="LearnTestng.KGF" name="mumbaiShetty" time="0.001"/>
  <testcase classname="LearnTestng.ModuleName" name="testCaseName" time="0.001"/>
  <testcase classname="LearnTestng.KGF" name="vanaram" time="0.0">
    <ignored/>
  </testcase> <!-- vanaram -->
</testsuite> <!-- regression -->
