<?xml version="1.0" encoding="UTF-8"?>
<!-- Generated by org.testng.reporters.JUnitReportReporter -->
<testsuite hostname="MAYUR" failures="0" tests="8" name="learntestng.DependsOnMethods" time="0.026" errors="1" timestamp="2023-07-29T12:44:38 IST" skipped="0">
  <testcase classname="learntestng.DependsOnMethods" name="signUp" time="0.016"/>
  <system-out/>
  <testcase classname="learntestng.DependsOnMethods" name="acceptFriendRequest" time="0.002"/>
  <system-out/>
  <testcase classname="learntestng.DependsOnMethods" name="deleteFriendRequest" time="0.001"/>
  <system-out/>
  <testcase classname="learntestng.DependsOnMethods" name="uploadProfilePic" time="0.001"/>
  <system-out/>
  <testcase classname="learntestng.DependsOnMethods" name="CommentPost" time="0.001"/>
  <system-out/>
  <testcase classname="learntestng.DependsOnMethods" name="sendFrindRequest" time="0.002"/>
  <system-out/>
  <testcase classname="learntestng.DependsOnMethods" name="likePhoto" time="0.002">
    <error message="Index 4 out of bounds for length 3" type="java.lang.ArrayIndexOutOfBoundsException">
      <![CDATA[java.lang.ArrayIndexOutOfBoundsException: Index 4 out of bounds for length 3
at learntestng.DependsOnMethods.likePhoto(DependsOnMethods.java:29)
at java.base/jdk.internal.reflect.DirectMethodHandleAccessor.invoke(DirectMethodHandleAccessor.java:104)
at java.base/java.lang.reflect.Method.invoke(Method.java:578)
at org.testng.internal.MethodInvocationHelper.invokeMethod(MethodInvocationHelper.java:133)
at org.testng.internal.TestInvoker.invokeMethod(TestInvoker.java:598)
at org.testng.internal.TestInvoker.invokeTestMethod(TestInvoker.java:173)
at org.testng.internal.MethodRunner.runInSequence(MethodRunner.java:46)
at org.testng.internal.TestInvoker$MethodInvocationAgent.invoke(TestInvoker.java:824)
at org.testng.internal.TestInvoker.invokeTestMethods(TestInvoker.java:146)
at org.testng.internal.TestMethodWorker.invokeTestMethods(TestMethodWorker.java:146)
at org.testng.internal.TestMethodWorker.run(TestMethodWorker.java:128)
at java.base/java.util.ArrayList.forEach(ArrayList.java:1511)
at org.testng.TestRunner.privateRun(TestRunner.java:794)
at org.testng.TestRunner.run(TestRunner.java:596)
at org.testng.SuiteRunner.runTest(SuiteRunner.java:377)
at org.testng.SuiteRunner.runSequentially(SuiteRunner.java:371)
at org.testng.SuiteRunner.privateRun(SuiteRunner.java:332)
at org.testng.SuiteRunner.run(SuiteRunner.java:276)
at org.testng.SuiteRunnerWorker.runSuite(SuiteRunnerWorker.java:53)
at org.testng.SuiteRunnerWorker.run(SuiteRunnerWorker.java:96)
at org.testng.TestNG.runSuitesSequentially(TestNG.java:1212)
at org.testng.TestNG.runSuitesLocally(TestNG.java:1134)
at org.testng.TestNG.runSuites(TestNG.java:1063)
at org.testng.TestNG.run(TestNG.java:1031)
at org.testng.remote.AbstractRemoteTestNG.run(AbstractRemoteTestNG.java:115)
at org.testng.remote.RemoteTestNG.initAndRun(RemoteTestNG.java:251)
at org.testng.remote.RemoteTestNG.main(RemoteTestNG.java:77)
]]>
    </error>
  </testcase> <!-- likePhoto -->
  <system-out/>
  <testcase classname="learntestng.DependsOnMethods" name="login" time="0.001"/>
  <system-out/>
</testsuite> <!-- learntestng.DependsOnMethods -->
